Using pre-set license
Built from '2020.2/staging' branch; Version is '2020.2.7f1 (c53830e277f1) revision 12924976'; Using compiler version '192528614'; Build Type 'Release'
OS: 'Windows 10 Home; OS build 22631.3235; Version 2009; 64bit' Language: 'ja' Physical Memory: 15823 MB
BatchMode: 1, IsHumanControllingUs: 0, StartBugReporterOnCrash: 0, Is64bit: 1, IsPro: 0

 COMMAND LINE ARGUMENTS:
C:\Program Files\Unity\Hub\Editor\2020.2.7f1\Editor\Unity.exe
-adb2
-batchMode
-noUpm
-name
AssetImportWorker0
-projectPath
C:/Users/bloss/Desktop/AI/OriginalGame/DoorMan
-logFile
Logs/AssetImportWorker0.log
-srvPort
61340
Successfully changed project path to: C:/Users/bloss/Desktop/AI/OriginalGame/DoorMan
C:/Users/bloss/Desktop/AI/OriginalGame/DoorMan
Using Asset Import Pipeline V2.
Refreshing native plugins compatible for Editor in 30.17 ms, found 0 plugins.
Preloading 0 native plugins for Editor in 0.00 ms.
Initialize engine version: 2020.2.7f1 (c53830e277f1)
[Subsystems] Discovering subsystems at path C:/Program Files/Unity/Hub/Editor/2020.2.7f1/Editor/Data/Resources/UnitySubsystems
[Subsystems] Discovering subsystems at path C:/Users/bloss/Desktop/AI/OriginalGame/DoorMan/Assets
GfxDevice: creating device client; threaded=0
Direct3D:
    Version:  Direct3D 11.0 [level 11.1]
    Renderer: AMD Radeon(TM) Graphics (ID=0x1636)
    Vendor:   
    VRAM:     7911 MB
    Driver:   27.20.14076.3000
Initialize mono
Mono path[0] = 'C:/Program Files/Unity/Hub/Editor/2020.2.7f1/Editor/Data/Managed'
Mono path[1] = 'C:/Program Files/Unity/Hub/Editor/2020.2.7f1/Editor/Data/MonoBleedingEdge/lib/mono/unityjit'
Mono config path = 'C:/Program Files/Unity/Hub/Editor/2020.2.7f1/Editor/Data/MonoBleedingEdge/etc'
Using monoOptions --debugger-agent=transport=dt_socket,embedding=1,server=y,suspend=n,address=127.0.0.1:56356
Begin MonoManager ReloadAssembly
Registering precompiled unity dll's ...
Register platform support module: C:/Program Files/Unity/Hub/Editor/2020.2.7f1/Editor/Data/PlaybackEngines/WebGLSupport/UnityEditor.WebGL.Extensions.dll
Register platform support module: C:/Program Files/Unity/Hub/Editor/2020.2.7f1/Editor/Data/PlaybackEngines/WindowsStandaloneSupport/UnityEditor.WindowsStandalone.Extensions.dll
Registered in 0.002212 seconds.
Native extension for WindowsStandalone target not found
Native extension for WebGL target not found
Refreshing native plugins compatible for Editor in 31.11 ms, found 0 plugins.
Preloading 0 native plugins for Editor in 0.00 ms.
Invoked RoslynAnalysisRunner static constructor.
RoslynAnalysisRunner will not be running.
RoslynAnalysisRunner has terminated.
Mono: successfully reloaded assembly
- Completed reload, in  1.241 seconds
Platform modules already initialized, skipping
Registering precompiled user dll's ...
Registered in 0.001651 seconds.
Begin MonoManager ReloadAssembly
Native extension for WindowsStandalone target not found
Native extension for WebGL target not found
Refreshing native plugins compatible for Editor in 0.38 ms, found 0 plugins.
Preloading 0 native plugins for Editor in 0.00 ms.
Invoked RoslynAnalysisRunner static constructor.
RoslynAnalysisRunner will not be running.
RoslynAnalysisRunner has terminated.
Mono: successfully reloaded assembly
- Completed reload, in  0.843 seconds
Platform modules already initialized, skipping
========================================================================
Worker process is ready to serve import requests
Launched and connected shader compiler UnityShaderCompiler.exe after 0.06 seconds
Refreshing native plugins compatible for Editor in 0.36 ms, found 0 plugins.
Preloading 0 native plugins for Editor in 0.00 ms.
Unloading 1130 Unused Serialized files (Serialized files now loaded: 0)
System memory in use before: 59.5 MB.
System memory in use after: 59.5 MB.

Unloading 12 unused Assets to reduce memory usage. Loaded Objects now: 1584.
Total: 2.533800 ms (FindLiveObjects: 0.222300 ms CreateObjectMapping: 0.033400 ms MarkObjects: 2.147800 ms  DeleteObjects: 0.128300 ms)

========================================================================
Received Import Request.
  path: Assets/Sounds
  artifactKey: Guid(c08de0b2b72310345b48de63cf3c86ca) Importer(815301076,1909f56bfc062723c751e8b465ee728b)
Start importing Assets/Sounds using Guid(c08de0b2b72310345b48de63cf3c86ca) Importer(815301076,1909f56bfc062723c751e8b465ee728b)  -> (artifact id: '4ce328f87be9621afd53fd879346fb79') in 0.017737 seconds
  Import took 0.021066 seconds .

========================================================================
Received Import Request.
  Time since last request: 26.446592 seconds.
  path: Assets/Sounds/Gentleman, greeting, cheerful but emotional (865acb8ac6904246a1c0f6b7a6423356).mp3
  artifactKey: Guid(f7913bff42995304eb73b89ecf4f7f03) Importer(815301076,1909f56bfc062723c751e8b465ee728b)
Start importing Assets/Sounds/Gentleman, greeting, cheerful but emotional (865acb8ac6904246a1c0f6b7a6423356).mp3 using Guid(f7913bff42995304eb73b89ecf4f7f03) Importer(815301076,1909f56bfc062723c751e8b465ee728b)  -> (artifact id: '299ac85785d70c7964f702142b82f1dd') in 0.141881 seconds
  Import took 0.145821 seconds .

========================================================================
Received Import Request.
  Time since last request: 8.318844 seconds.
  path: Assets/Sounds/BGM.mp3
  artifactKey: Guid(f7913bff42995304eb73b89ecf4f7f03) Importer(815301076,1909f56bfc062723c751e8b465ee728b)
Start importing Assets/Sounds/BGM.mp3 using Guid(f7913bff42995304eb73b89ecf4f7f03) Importer(815301076,1909f56bfc062723c751e8b465ee728b)  -> (artifact id: '55a1f7d90f8f3cca8e7d36e68f2b8933') in 0.018698 seconds
  Import took 0.022114 seconds .

========================================================================
Received Import Request.
  Time since last request: 0.004011 seconds.
  path: Assets/Sounds/BGM.mp3
  artifactKey: Guid(f7913bff42995304eb73b89ecf4f7f03) Importer(815301076,1909f56bfc062723c751e8b465ee728b)
Start importing Assets/Sounds/BGM.mp3 using Guid(f7913bff42995304eb73b89ecf4f7f03) Importer(815301076,1909f56bfc062723c751e8b465ee728b)  -> (artifact id: '55a1f7d90f8f3cca8e7d36e68f2b8933') in 0.011395 seconds
  Import took 0.014147 seconds .

========================================================================
Received Prepare
Registering precompiled user dll's ...
Registered in 0.002183 seconds.
Begin MonoManager ReloadAssembly
Native extension for WindowsStandalone target not found
Native extension for WebGL target not found
Refreshing native plugins compatible for Editor in 0.63 ms, found 0 plugins.
Preloading 0 native plugins for Editor in 0.00 ms.
Invoked RoslynAnalysisRunner static constructor.
RoslynAnalysisRunner will not be running.
RoslynAnalysisRunner has terminated.
Mono: successfully reloaded assembly
- Completed reload, in  0.836 seconds
Platform modules already initialized, skipping
Refreshing native plugins compatible for Editor in 0.38 ms, found 0 plugins.
Preloading 0 native plugins for Editor in 0.00 ms.
Unloading 1125 Unused Serialized files (Serialized files now loaded: 0)
System memory in use before: 62.6 MB.
System memory in use after: 62.7 MB.

Unloading 7 unused Assets to reduce memory usage. Loaded Objects now: 1596.
Total: 2.254000 ms (FindLiveObjects: 0.260900 ms CreateObjectMapping: 0.039600 ms MarkObjects: 1.849900 ms  DeleteObjects: 0.101700 ms)

========================================================================
Received Import Request.
  Time since last request: 305.614954 seconds.
  path: Assets/Sounds/Gentleman, greeting, Bright (008a896e715646d093aebba269c33f98).mp3
  artifactKey: Guid(f1d1cae330e73dc41abb5a6224f6d478) Importer(815301076,1909f56bfc062723c751e8b465ee728b)
Start importing Assets/Sounds/Gentleman, greeting, Bright (008a896e715646d093aebba269c33f98).mp3 using Guid(f1d1cae330e73dc41abb5a6224f6d478) Importer(815301076,1909f56bfc062723c751e8b465ee728b)  -> (artifact id: '6411bedb3e79b3521e64f878af0f9c26') in 0.062680 seconds
  Import took 0.071126 seconds .

========================================================================
Received Import Request.
  Time since last request: 6.774354 seconds.
  path: Assets/Sounds/TitleBGM.mp3
  artifactKey: Guid(f1d1cae330e73dc41abb5a6224f6d478) Importer(815301076,1909f56bfc062723c751e8b465ee728b)
Start importing Assets/Sounds/TitleBGM.mp3 using Guid(f1d1cae330e73dc41abb5a6224f6d478) Importer(815301076,1909f56bfc062723c751e8b465ee728b)  -> (artifact id: '376a2fe5e8b7176803516cb1e4cccd9e') in 0.019373 seconds
  Import took 0.022459 seconds .

========================================================================
Received Import Request.
  Time since last request: 0.003848 seconds.
  path: Assets/Sounds/TitleBGM.mp3
  artifactKey: Guid(f1d1cae330e73dc41abb5a6224f6d478) Importer(815301076,1909f56bfc062723c751e8b465ee728b)
Start importing Assets/Sounds/TitleBGM.mp3 using Guid(f1d1cae330e73dc41abb5a6224f6d478) Importer(815301076,1909f56bfc062723c751e8b465ee728b)  -> (artifact id: '376a2fe5e8b7176803516cb1e4cccd9e') in 0.019006 seconds
  Import took 0.022521 seconds .

========================================================================
Received Import Request.
  Time since last request: 6.300087 seconds.
  path: Assets/Scenes/Title.unity
  artifactKey: Guid(34022ce100dba6647867c5a992405196) Importer(815301076,1909f56bfc062723c751e8b465ee728b)
Start importing Assets/Scenes/Title.unity using Guid(34022ce100dba6647867c5a992405196) Importer(815301076,1909f56bfc062723c751e8b465ee728b)  -> (artifact id: 'abd462bfb93acad8f9ea9347a9184d4c') in 0.012605 seconds
  Import took 0.015458 seconds .

========================================================================
Received Prepare
Registering precompiled user dll's ...
Registered in 0.001608 seconds.
Begin MonoManager ReloadAssembly
Native extension for WindowsStandalone target not found
Native extension for WebGL target not found
Refreshing native plugins compatible for Editor in 0.38 ms, found 0 plugins.
Preloading 0 native plugins for Editor in 0.00 ms.
Invoked RoslynAnalysisRunner static constructor.
RoslynAnalysisRunner will not be running.
RoslynAnalysisRunner has terminated.
Mono: successfully reloaded assembly
- Completed reload, in  0.794 seconds
Platform modules already initialized, skipping
Refreshing native plugins compatible for Editor in 0.39 ms, found 0 plugins.
Preloading 0 native plugins for Editor in 0.00 ms.
Unloading 1125 Unused Serialized files (Serialized files now loaded: 0)
System memory in use before: 62.6 MB.
System memory in use after: 62.7 MB.

Unloading 7 unused Assets to reduce memory usage. Loaded Objects now: 1600.
Total: 2.658100 ms (FindLiveObjects: 0.373500 ms CreateObjectMapping: 0.045800 ms MarkObjects: 2.142600 ms  DeleteObjects: 0.093100 ms)

========================================================================
Received Prepare
Registering precompiled user dll's ...
Registered in 0.003141 seconds.
Begin MonoManager ReloadAssembly
Native extension for WindowsStandalone target not found
Native extension for WebGL target not found
Refreshing native plugins compatible for Editor in 0.40 ms, found 0 plugins.
Preloading 0 native plugins for Editor in 0.00 ms.
Invoked RoslynAnalysisRunner static constructor.
RoslynAnalysisRunner will not be running.
RoslynAnalysisRunner has terminated.
Mono: successfully reloaded assembly
- Completed reload, in  0.913 seconds
Platform modules already initialized, skipping
Refreshing native plugins compatible for Editor in 0.52 ms, found 0 plugins.
Preloading 0 native plugins for Editor in 0.00 ms.
Unloading 1125 Unused Serialized files (Serialized files now loaded: 0)
System memory in use before: 62.6 MB.
System memory in use after: 62.7 MB.

Unloading 7 unused Assets to reduce memory usage. Loaded Objects now: 1603.
Total: 3.413500 ms (FindLiveObjects: 0.227500 ms CreateObjectMapping: 0.031800 ms MarkObjects: 3.045400 ms  DeleteObjects: 0.105300 ms)

========================================================================
Received Import Request.
  Time since last request: 1793.093096 seconds.
  path: Assets/Scenes/Main.unity
  artifactKey: Guid(ca9b3fc894bde7142a8ec0fcdf2e6c5a) Importer(815301076,1909f56bfc062723c751e8b465ee728b)
Start importing Assets/Scenes/Main.unity using Guid(ca9b3fc894bde7142a8ec0fcdf2e6c5a) Importer(815301076,1909f56bfc062723c751e8b465ee728b)  -> (artifact id: '77c0b5d402d32108404ef0d0f9d6e7a8') in 0.020901 seconds
  Import took 0.023342 seconds .

========================================================================
Received Prepare
Registering precompiled user dll's ...
Registered in 0.002452 seconds.
Begin MonoManager ReloadAssembly
Native extension for WindowsStandalone target not found
Native extension for WebGL target not found
Refreshing native plugins compatible for Editor in 0.38 ms, found 0 plugins.
Preloading 0 native plugins for Editor in 0.00 ms.
Invoked RoslynAnalysisRunner static constructor.
RoslynAnalysisRunner will not be running.
RoslynAnalysisRunner has terminated.
Mono: successfully reloaded assembly
- Completed reload, in  0.825 seconds
Platform modules already initialized, skipping
Refreshing native plugins compatible for Editor in 0.38 ms, found 0 plugins.
Preloading 0 native plugins for Editor in 0.00 ms.
Unloading 1125 Unused Serialized files (Serialized files now loaded: 0)
System memory in use before: 62.6 MB.
System memory in use after: 62.7 MB.

Unloading 7 unused Assets to reduce memory usage. Loaded Objects now: 1606.
Total: 2.301900 ms (FindLiveObjects: 0.299700 ms CreateObjectMapping: 0.034900 ms MarkObjects: 1.873300 ms  DeleteObjects: 0.091600 ms)

========================================================================
Received Import Request.
  Time since last request: 366.483458 seconds.
  path: Assets/Materials/150x35_aq.png
  artifactKey: Guid(d15e9047819340748b0634b99cac74e3) Importer(815301076,1909f56bfc062723c751e8b465ee728b)
Start importing Assets/Materials/150x35_aq.png using Guid(d15e9047819340748b0634b99cac74e3) Importer(815301076,1909f56bfc062723c751e8b465ee728b)  -> (artifact id: '749a26166630b1835f5db50ab2316565') in 0.073319 seconds
  Import took 0.076160 seconds .

========================================================================
Received Import Request.
  Time since last request: 6.208984 seconds.
  path: Assets/Materials/ChoiceButton.png
  artifactKey: Guid(d15e9047819340748b0634b99cac74e3) Importer(815301076,1909f56bfc062723c751e8b465ee728b)
Start importing Assets/Materials/ChoiceButton.png using Guid(d15e9047819340748b0634b99cac74e3) Importer(815301076,1909f56bfc062723c751e8b465ee728b)  -> (artifact id: '8d0690af8e9570e44ecaf8470f0fe8b0') in 0.019302 seconds
  Import took 0.022270 seconds .

========================================================================
Received Import Request.
  Time since last request: 6.251908 seconds.
  path: Assets/Materials/ChoiceButton.png
  artifactKey: Guid(d15e9047819340748b0634b99cac74e3) Importer(815301076,1909f56bfc062723c751e8b465ee728b)
Start importing Assets/Materials/ChoiceButton.png using Guid(d15e9047819340748b0634b99cac74e3) Importer(815301076,1909f56bfc062723c751e8b465ee728b)  -> (artifact id: 'fb4625fb5f65505f20139568c61bd095') in 0.037363 seconds
  Import took 0.039670 seconds .

========================================================================
Received Import Request.
  Time since last request: 228.365499 seconds.
  path: Assets/Materials/GreenFlame-removebg-preview.png
  artifactKey: Guid(192adf011650b9940b53337d58ed175d) Importer(815301076,1909f56bfc062723c751e8b465ee728b)
Start importing Assets/Materials/GreenFlame-removebg-preview.png using Guid(192adf011650b9940b53337d58ed175d) Importer(815301076,1909f56bfc062723c751e8b465ee728b)  -> (artifact id: 'c85bf628eda9f91036a20b45cac3ff89') in 0.023727 seconds
  Import took 0.027608 seconds .

========================================================================
Received Import Request.
  Time since last request: 7.884062 seconds.
  path: Assets/Materials/Flame.png
  artifactKey: Guid(192adf011650b9940b53337d58ed175d) Importer(815301076,1909f56bfc062723c751e8b465ee728b)
Start importing Assets/Materials/Flame.png using Guid(192adf011650b9940b53337d58ed175d) Importer(815301076,1909f56bfc062723c751e8b465ee728b)  -> (artifact id: 'f424b41dcca9a42a496fd76898062d79') in 0.017128 seconds
  Import took 0.020240 seconds .

========================================================================
Received Import Request.
  Time since last request: 5.087558 seconds.
  path: Assets/Materials/Flame.png
  artifactKey: Guid(192adf011650b9940b53337d58ed175d) Importer(815301076,1909f56bfc062723c751e8b465ee728b)
Start importing Assets/Materials/Flame.png using Guid(192adf011650b9940b53337d58ed175d) Importer(815301076,1909f56bfc062723c751e8b465ee728b)  -> (artifact id: 'c50777f1e6d69baaf380f49500e81744') in 0.022987 seconds
  Import took 0.026348 seconds .

========================================================================
Received Import Request.
  Time since last request: 103.444598 seconds.
  path: Assets/Materials/GreenFlame-removebg-preview (1).png
  artifactKey: Guid(84fd113079ab50144bb0685637bd6ee5) Importer(815301076,1909f56bfc062723c751e8b465ee728b)
Start importing Assets/Materials/GreenFlame-removebg-preview (1).png using Guid(84fd113079ab50144bb0685637bd6ee5) Importer(815301076,1909f56bfc062723c751e8b465ee728b)  -> (artifact id: 'b54303a013391c1c0cf70f775823343b') in 0.019032 seconds
  Import took 0.021691 seconds .

========================================================================
Received Import Request.
  Time since last request: 6.303619 seconds.
  path: Assets/Materials/GreenFlame-removebg-preview (1).png
  artifactKey: Guid(84fd113079ab50144bb0685637bd6ee5) Importer(815301076,1909f56bfc062723c751e8b465ee728b)
Start importing Assets/Materials/GreenFlame-removebg-preview (1).png using Guid(84fd113079ab50144bb0685637bd6ee5) Importer(815301076,1909f56bfc062723c751e8b465ee728b)  -> (artifact id: '4e2bfa6000d30e81c6d37e867d90e9ec') in 0.024293 seconds
  Import took 0.026766 seconds .

========================================================================
Received Import Request.
  Time since last request: 908.748184 seconds.
  path: Assets/Scenes/Title.unity
  artifactKey: Guid(34022ce100dba6647867c5a992405196) Importer(815301076,1909f56bfc062723c751e8b465ee728b)
Start importing Assets/Scenes/Title.unity using Guid(34022ce100dba6647867c5a992405196) Importer(815301076,1909f56bfc062723c751e8b465ee728b)  -> (artifact id: '480b3e3a77984f2632170c631ea3318c') in 0.017051 seconds
  Import took 0.021728 seconds .

========================================================================
Received Import Request.
  Time since last request: 48.302528 seconds.
  path: Assets/Scenes/Main.unity
  artifactKey: Guid(ca9b3fc894bde7142a8ec0fcdf2e6c5a) Importer(815301076,1909f56bfc062723c751e8b465ee728b)
Start importing Assets/Scenes/Main.unity using Guid(ca9b3fc894bde7142a8ec0fcdf2e6c5a) Importer(815301076,1909f56bfc062723c751e8b465ee728b)  -> (artifact id: '11002618a29157707f990cb626ef1cee') in 0.005848 seconds
  Import took 0.008551 seconds .

========================================================================
Received Prepare
Registering precompiled user dll's ...
Registered in 0.002035 seconds.
Begin MonoManager ReloadAssembly
Native extension for WindowsStandalone target not found
Native extension for WebGL target not found
Refreshing native plugins compatible for Editor in 0.47 ms, found 0 plugins.
Preloading 0 native plugins for Editor in 0.00 ms.
Invoked RoslynAnalysisRunner static constructor.
RoslynAnalysisRunner will not be running.
RoslynAnalysisRunner has terminated.
Mono: successfully reloaded assembly
- Completed reload, in  0.956 seconds
Platform modules already initialized, skipping
Refreshing native plugins compatible for Editor in 0.48 ms, found 0 plugins.
Preloading 0 native plugins for Editor in 0.00 ms.
Unloading 1125 Unused Serialized files (Serialized files now loaded: 0)
System memory in use before: 62.7 MB.
System memory in use after: 62.8 MB.

Unloading 7 unused Assets to reduce memory usage. Loaded Objects now: 1617.
Total: 2.287000 ms (FindLiveObjects: 0.227500 ms CreateObjectMapping: 0.030700 ms MarkObjects: 1.911100 ms  DeleteObjects: 0.115800 ms)

========================================================================
Received Prepare
Registering precompiled user dll's ...
Registered in 0.008022 seconds.
Begin MonoManager ReloadAssembly
Native extension for WindowsStandalone target not found
Native extension for WebGL target not found
Refreshing native plugins compatible for Editor in 0.46 ms, found 0 plugins.
Preloading 0 native plugins for Editor in 0.00 ms.
Invoked RoslynAnalysisRunner static constructor.
RoslynAnalysisRunner will not be running.
RoslynAnalysisRunner has terminated.
Mono: successfully reloaded assembly
- Completed reload, in  1.227 seconds
Platform modules already initialized, skipping
Refreshing native plugins compatible for Editor in 0.37 ms, found 0 plugins.
Preloading 0 native plugins for Editor in 0.00 ms.
Unloading 1125 Unused Serialized files (Serialized files now loaded: 0)
System memory in use before: 62.7 MB.
System memory in use after: 62.8 MB.

Unloading 7 unused Assets to reduce memory usage. Loaded Objects now: 1620.
Total: 6.456200 ms (FindLiveObjects: 1.185400 ms CreateObjectMapping: 0.076200 ms MarkObjects: 4.863300 ms  DeleteObjects: 0.326100 ms)

========================================================================
Received Prepare
Registering precompiled user dll's ...
Registered in 0.002906 seconds.
Begin MonoManager ReloadAssembly
Native extension for WindowsStandalone target not found
Native extension for WebGL target not found
Refreshing native plugins compatible for Editor in 0.66 ms, found 0 plugins.
Preloading 0 native plugins for Editor in 0.00 ms.
Invoked RoslynAnalysisRunner static constructor.
RoslynAnalysisRunner will not be running.
RoslynAnalysisRunner has terminated.
Mono: successfully reloaded assembly
- Completed reload, in  0.878 seconds
Platform modules already initialized, skipping
Refreshing native plugins compatible for Editor in 0.37 ms, found 0 plugins.
Preloading 0 native plugins for Editor in 0.00 ms.
Unloading 1125 Unused Serialized files (Serialized files now loaded: 0)
System memory in use before: 62.7 MB.
System memory in use after: 62.8 MB.

Unloading 7 unused Assets to reduce memory usage. Loaded Objects now: 1623.
Total: 3.246700 ms (FindLiveObjects: 0.290600 ms CreateObjectMapping: 0.045200 ms MarkObjects: 2.729200 ms  DeleteObjects: 0.179300 ms)

========================================================================
Received Prepare
Registering precompiled user dll's ...
Registered in 0.001870 seconds.
Begin MonoManager ReloadAssembly
Native extension for WindowsStandalone target not found
Native extension for WebGL target not found
Refreshing native plugins compatible for Editor in 0.39 ms, found 0 plugins.
Preloading 0 native plugins for Editor in 0.00 ms.
Invoked RoslynAnalysisRunner static constructor.
RoslynAnalysisRunner will not be running.
RoslynAnalysisRunner has terminated.
Mono: successfully reloaded assembly
- Completed reload, in  0.881 seconds
Platform modules already initialized, skipping
Refreshing native plugins compatible for Editor in 0.51 ms, found 0 plugins.
Preloading 0 native plugins for Editor in 0.00 ms.
Unloading 1125 Unused Serialized files (Serialized files now loaded: 0)
System memory in use before: 62.7 MB.
System memory in use after: 62.8 MB.

Unloading 7 unused Assets to reduce memory usage. Loaded Objects now: 1626.
Total: 3.438400 ms (FindLiveObjects: 0.750300 ms CreateObjectMapping: 0.106400 ms MarkObjects: 2.476300 ms  DeleteObjects: 0.101400 ms)

AssetImportWorkerClient::OnTransportError - code=2 error=End of file
